<?xml version="1.0" encoding="UTF-8"?>
<testsuite name="edu.baylor.cs.se.hibernate.ExampleTest" time="0.291" tests="4" errors="0" skipped="0" failures="0">
  <properties>
[...]
</properties>
  <testcase name="phoneNumberTest" classname="edu.baylor.cs.se.hibernate.ExampleTest" time="0.217"/>
  <testcase name="roomTest" classname="edu.baylor.cs.se.hibernate.ExampleTest" time="0.009"/>
  <testcase name="anotherDemoTest" classname="edu.baylor.cs.se.hibernate.ExampleTest" time="0.01"/>
  <testcase name="demoTest" classname="edu.baylor.cs.se.hibernate.ExampleTest" time="0.055"/>
</testsuite>